[2018-03-21 15:03:39:7491]
LoginCheck的url:http://127.0.0.1:8090/NoteUser/User/1

[2018-03-21 15:03:41:1492]
Token验证失败：

[2018-03-21 15:03:41:1502]
重定向到登录！

[2018-03-21 15:03:49:3560]
token添加成功session！

[2018-03-21 15:03:49:3560]
token添加完成！

[2018-03-21 15:03:49:3560]
登录成功！

[2018-03-21 15:03:49:3560]
loginReturnUrl:http://127.0.0.1:8090/NoteUser/User/1

[2018-03-21 15:03:49:3580]
LoginCheck的url:http://127.0.0.1:8090/NoteUser/User/1

[2018-03-21 15:03:49:3590]
Token验证成功：f20b4827-778c-4c77-8b2b-2fa3a3678bab

[2018-03-21 15:11:08:1609]
LoginCheck的url:http://127.0.0.1:8090/NoteUser/User/1

[2018-03-21 15:11:08:1869]
Token验证成功：f20b4827-778c-4c77-8b2b-2fa3a3678bab

[2018-03-21 15:11:08:7670]
LoginCheck的url:http://127.0.0.1:8090/NoteUser/User/1

[2018-03-21 15:11:08:7680]
Token验证成功：f20b4827-778c-4c77-8b2b-2fa3a3678bab

[2018-03-21 15:11:09:3980]
LoginCheck的url:http://127.0.0.1:8090/NoteUser/User/1

[2018-03-21 15:11:09:4000]
Token验证成功：f20b4827-778c-4c77-8b2b-2fa3a3678bab

[2018-03-21 15:11:10:2311]
LoginCheck的url:http://127.0.0.1:8090/NoteUser/User/1

[2018-03-21 15:11:10:2331]
Token验证成功：f20b4827-778c-4c77-8b2b-2fa3a3678bab

[2018-03-21 17:26:21:2877]
LoginCheck的url:http://127.0.0.1:8090/NoteUser/User/1

[2018-03-21 17:26:21:2927]
Token验证失败：

[2018-03-21 17:26:21:2927]
重定向到登录！

[2018-03-21 17:26:32:0007]
token添加成功session！

[2018-03-21 17:26:32:0007]
token添加完成！

[2018-03-21 17:26:32:0017]
登录成功！

[2018-03-21 17:26:32:0017]
loginReturnUrl:http://127.0.0.1:8090/NoteUser/User/1

[2018-03-21 17:26:32:0057]
LoginCheck的url:http://127.0.0.1:8090/NoteUser/User/1

[2018-03-21 17:26:32:0087]
Token验证成功：0e144031-d42f-496a-af58-5913aac04e08

