[2018-03-09 19:53:42:3168]
Type:MyNoteWinFormApp.Login
MethodName:OnLoginButtonClick
登录结果：

[2018-03-09 20:53:43:2725]
Type:MyNoteWinFormApp.Login
MethodName:OnLoginButtonClick
登录结果：

[2018-03-09 20:53:45:5745]
Type:MyNoteWinFormApp.Login
MethodName:OnLoginButtonClick
登录结果：

[2018-03-09 21:20:03:9270]
Type:MyNoteWinFormApp.Login
MethodName:OnLoginButtonClick
登录结果：

[2018-03-09 21:20:08:8805]
Type:MyNoteWinFormApp.Login
MethodName:OnLoginButtonClick
登录结果：

[2018-03-09 21:32:14:8881]
Type:MyNoteWinFormApp.Login
MethodName:OnLoginButtonClick
登录结果：密码错误！

